<?xml version="1.0" encoding="UTF-8"?>
<!-- Generated by org.testng.reporters.JUnitXMLReporter -->
<testsuite hostname="EZ-20170527FOCB" ignored="0" name="采购计划新增" tests="5" failures="0" timestamp="21 九月 2017 10:24:51 GMT" time="9.52" errors="0">
  <testcase name="@BeforeTest init" time="9.441" classname="test.publictest.InitTest">
    <failure type="org.springframework.beans.factory.NoSuchBeanDefinitionException" message="No unique bean of type [page.publicpage.LoginPage] is defined: expected single bean but found 0: ">
      <![CDATA[org.springframework.beans.factory.NoSuchBeanDefinitionException: No unique bean of type [page.publicpage.LoginPage] is defined: expected single bean but found 0: 
	at org.springframework.beans.factory.support.DefaultListableBeanFactory.getBean(DefaultListableBeanFactory.java:271)
	at org.springframework.context.support.AbstractApplicationContext.getBean(AbstractApplicationContext.java:1101)
	at com.glodon.autotest.web.framework.settings.SettingUtil.parse(SettingUtil.java:463)
	at com.glodon.autotest.web.framework.settings.SettingUtil.parse(SettingUtil.java:420)
	at com.glodon.autotest.web.framework.settings.SettingUtil.read(SettingUtil.java:207)
	at com.glodon.autotest.web.framework.settings.SettingUtil.readFromClassPath(SettingUtil.java:159)
	at com.glodon.autotest.web.framework.settings.SettingUtil.parse(SettingUtil.java:386)
	at com.glodon.autotest.web.framework.settings.SettingUtil.read(SettingUtil.java:207)
	at com.glodon.autotest.web.framework.settings.SettingUtil.readFromClassPath(SettingUtil.java:159)
	at test.publictest.InitTest.init(InitTest.java:20)
... Removed 23 stack frames]]>
    </failure>
  </testcase> <!-- @BeforeTest init -->
  <testcase name="@BeforeTest login" time="0.0" classname="test.publictest.LoginTest">
    <skipped/>
  </testcase> <!-- @BeforeTest login -->
  <testcase name="@BeforeClass beforeClass" time="0.0" classname="test.PurPlanTest">
    <skipped/>
  </testcase> <!-- @BeforeClass beforeClass -->
  <testcase name="@AfterTest logout" time="0.0" classname="test.publictest.LogoutTest">
    <skipped/>
  </testcase> <!-- @AfterTest logout -->
  <testcase name="purPlan" time="0.0" classname="test.PurPlanTest">
    <skipped/>
  </testcase> <!-- purPlan -->
  <testcase name="demandDetails" time="0.0" classname="test.PurPlanTest">
    <skipped/>
  </testcase> <!-- demandDetails -->
  <testcase name="foundSource" time="0.0" classname="test.PurPlanTest">
    <skipped/>
  </testcase> <!-- foundSource -->
  <testcase name="seviceDemand" time="0.0" classname="test.PurPlanTest">
    <skipped/>
  </testcase> <!-- seviceDemand -->
  <testcase name="addAccessory" time="0.0" classname="test.PurPlanTest">
    <skipped/>
  </testcase> <!-- addAccessory -->
</testsuite> <!-- 采购计划新增 -->
