<?xml version="1.0" encoding="UTF-8"?>
<!-- Generated by org.testng.reporters.JUnitXMLReporter -->
<testsuite hostname="C9BD4J2" name="安心e家医疗保障计划" tests="2" failures="1" timestamp="8 May 2018 11:53:59 GMT" time="38.049" errors="0">
  <testcase name="login" time="8.242" classname="test.FirstTest">
    <failure type="java.lang.NullPointerException">
      <![CDATA[java.lang.NullPointerException
	at test.FirstTest.login(FirstTest.java:47)
	at java.util.concurrent.ThreadPoolExecutor.runWorker(ThreadPoolExecutor.java:1149)
	at java.util.concurrent.ThreadPoolExecutor$Worker.run(ThreadPoolExecutor.java:624)
	at java.lang.Thread.run(Thread.java:748)
... Removed 10 stack frames]]>
    </failure>
  </testcase> <!-- login -->
  <testcase name="basicFamily" time="28.073" classname="test.AnxinEFamilyTest"/>
</testsuite> <!-- 安心e家医疗保障计划 -->
